{
  "RSpec": {
    "coverage": {
      "/Users/susanmansoori1/Desktop/wdi/p3/project-three-recommendations/app/helpers/application_helper.rb": [
        1,
        null
      ],
      "/Users/susanmansoori1/Desktop/wdi/p3/project-three-recommendations/app/helpers/categories_helper.rb": [
        1,
        null
      ],
      "/Users/susanmansoori1/Desktop/wdi/p3/project-three-recommendations/app/helpers/recommendations_helper.rb": [
        1,
        null,
        1,
        0,
        0,
        0,
        null,
        0,
        0,
        null,
        0,
        0,
        null,
        0,
        0,
        null,
        0,
        0,
        null,
        0,
        0,
        null,
        0,
        0,
        null,
        0,
        0,
        null,
        0,
        0,
        null,
        0,
        null,
        null,
        null
      ],
      "/Users/susanmansoori1/Desktop/wdi/p3/project-three-recommendations/app/helpers/sessions_helper.rb": [
        1,
        null
      ],
      "/Users/susanmansoori1/Desktop/wdi/p3/project-three-recommendations/app/helpers/users_helper.rb": [
        1,
        null
      ],
      "/Users/susanmansoori1/Desktop/wdi/p3/project-three-recommendations/app/controllers/recommendations_controller.rb": [
        1,
        null,
        1,
        0,
        0,
        null,
        0,
        0,
        0,
        0,
        null,
        0,
        0,
        null,
        null,
        1,
        null,
        0,
        0,
        null,
        0,
        0,
        0,
        0,
        null,
        0,
        0,
        null,
        null,
        1,
        1,
        null,
        null,
        1,
        0,
        0,
        0,
        0,
        null,
        null,
        null,
        0,
        null,
        null,
        null,
        1,
        0,
        0,
        null,
        0,
        0,
        0,
        0,
        null,
        0,
        0,
        null,
        null,
        1,
        0,
        null,
        null,
        1,
        0,
        0,
        0,
        null,
        0,
        null,
        null,
        null,
        1,
        0,
        0,
        0,
        null,
        null,
        1,
        1,
        0,
        null,
        null,
        null
      ],
      "/Users/susanmansoori1/Desktop/wdi/p3/project-three-recommendations/app/controllers/application_controller.rb": [
        1,
        null,
        null,
        1,
        null,
        1,
        1,
        null,
        null,
        null,
        null,
        null,
        null,
        null,
        null,
        null,
        null
      ],
      "/Users/susanmansoori1/Desktop/wdi/p3/project-three-recommendations/app/controllers/sessions_controller.rb": [
        1,
        1,
        0,
        null,
        null,
        1,
        0,
        0,
        0,
        0,
        null,
        0,
        null,
        null,
        null,
        1,
        0,
        0,
        null,
        null,
        null
      ],
      "/Users/susanmansoori1/Desktop/wdi/p3/project-three-recommendations/app/controllers/users_controller.rb": [
        1,
        1,
        2,
        null,
        null,
        1,
        0,
        null,
        null,
        1,
        0,
        0,
        0,
        null,
        0,
        0,
        null,
        0,
        null,
        null,
        null,
        1,
        0,
        null,
        null,
        1,
        0,
        null,
        null,
        1,
        0,
        0,
        0,
        null,
        0,
        null,
        null,
        null,
        1,
        1,
        1,
        1,
        null,
        null,
        null,
        null
      ],
      "/Users/susanmansoori1/Desktop/wdi/p3/project-three-recommendations/app/mailers/recommendation_mailer.rb": [
        1,
        null,
        null,
        null,
        null,
        null,
        null,
        1,
        0,
        0,
        0,
        0,
        0,
        0,
        null,
        null
      ],
      "/Users/susanmansoori1/Desktop/wdi/p3/project-three-recommendations/app/mailers/application_mailer.rb": [
        1,
        1,
        1,
        null
      ],
      "/Users/susanmansoori1/Desktop/wdi/p3/project-three-recommendations/app/mailers/user_mailer.rb": [
        1,
        null,
        null,
        null,
        null,
        null,
        null,
        1,
        0,
        0,
        0,
        0,
        0,
        null,
        null,
        null
      ],
      "/Users/susanmansoori1/Desktop/wdi/p3/project-three-recommendations/app/models/recommendation.rb": [
        1,
        null,
        1,
        null,
        1,
        null,
        1,
        null,
        null,
        null
      ],
      "/Users/susanmansoori1/Desktop/wdi/p3/project-three-recommendations/app/models/user.rb": [
        1,
        null,
        1,
        1,
        1,
        null,
        1,
        null,
        null,
        null,
        1,
        1,
        null,
        1,
        1,
        24,
        22,
        22,
        null,
        null,
        null,
        null,
        null,
        null,
        null,
        null,
        null,
        1,
        1,
        null,
        null,
        null,
        null,
        null,
        null,
        null
      ]
    },
    "timestamp": 1426286177
  }
}
